# JRE version: Java(TM) SE Runtime Environment (8.0_231-b11) (build 1.8.0_231-b11)
# Java VM: Java HotSpot(TM) 64-Bit Server VM (25.231-b11 mixed mode windows-amd64 compressed oops)
Heap:
 PSYoungGen      total 257024K, used 95700K [0x00000000eab00000, 0x00000000fea00000, 0x0000000100000000)
  eden space 202240K, 47% used [0x00000000eab00000,0x00000000f08752d8,0x00000000f7080000)
  from space 54784K, 0% used [0x00000000f7080000,0x00000000f7080000,0x00000000fa600000)
  to   space 51712K, 0% used [0x00000000fb780000,0x00000000fb780000,0x00000000fea00000)
 ParOldGen       total 267264K, used 84738K [0x00000000c0000000, 0x00000000d0500000, 0x00000000eab00000)
  object space 267264K, 31% used [0x00000000c0000000,0x00000000c52c0b68,0x00000000d0500000)
 Metaspace       used 99005K, capacity 103244K, committed 103680K, reserved 1138688K
  class space    used 13043K, capacity 13998K, committed 14080K, reserved 1048576K
GC Heap History (10 events):
Event: 31.135 GC heap before
{Heap before GC invocations=21 (full 3):
 PSYoungGen      total 202752K, used 202720K [0x00000000eab00000, 0x00000000fae80000, 0x0000000100000000)
  eden space 169472K, 100% used [0x00000000eab00000,0x00000000f5080000,0x00000000f5080000)
  from space 33280K, 99% used [0x00000000f5080000,0x00000000f70f8070,0x00000000f7100000)
  to   space 39936K, 0% used [0x00000000f8780000,0x00000000f8780000,0x00000000fae80000)
 ParOldGen       total 158720K, used 64091K [0x00000000c0000000, 0x00000000c9b00000, 0x00000000eab00000)
  object space 158720K, 40% used [0x00000000c0000000,0x00000000c3e96f58,0x00000000c9b00000)
 Metaspace       used 87009K, capacity 91196K, committed 91264K, reserved 1128448K
  class space    used 11734K, capacity 12642K, committed 12672K, reserved 1048576K
Event: 31.200 GC heap after
Heap after GC invocations=21 (full 3):
 PSYoungGen      total 220160K, used 39466K [0x00000000eab00000, 0x00000000fba80000, 0x0000000100000000)
  eden space 180224K, 0% used [0x00000000eab00000,0x00000000eab00000,0x00000000f5b00000)
  from space 39936K, 98% used [0x00000000f8780000,0x00000000fae0a978,0x00000000fae80000)
  to   space 45568K, 0% used [0x00000000f5b00000,0x00000000f5b00000,0x00000000f8780000)
 ParOldGen       total 158720K, used 79137K [0x00000000c0000000, 0x00000000c9b00000, 0x00000000eab00000)
  object space 158720K, 49% used [0x00000000c0000000,0x00000000c4d48490,0x00000000c9b00000)
 Metaspace       used 87009K, capacity 91196K, committed 91264K, reserved 1128448K
  class space    used 11734K, capacity 12642K, committed 12672K, reserved 1048576K
}
Event: 33.572 GC heap before
{Heap before GC invocations=22 (full 3):
 PSYoungGen      total 220160K, used 219690K [0x00000000eab00000, 0x00000000fba80000, 0x0000000100000000)
  eden space 180224K, 100% used [0x00000000eab00000,0x00000000f5b00000,0x00000000f5b00000)
  from space 39936K, 98% used [0x00000000f8780000,0x00000000fae0a978,0x00000000fae80000)
  to   space 45568K, 0% used [0x00000000f5b00000,0x00000000f5b00000,0x00000000f8780000)
 ParOldGen       total 158720K, used 79137K [0x00000000c0000000, 0x00000000c9b00000, 0x00000000eab00000)
  object space 158720K, 49% used [0x00000000c0000000,0x00000000c4d48490,0x00000000c9b00000)
 Metaspace       used 89559K, capacity 93804K, committed 94080K, reserved 1130496K
  class space    used 11990K, capacity 12912K, committed 12928K, reserved 1048576K
Event: 33.643 GC heap after
Heap after GC invocations=22 (full 3):
 PSYoungGen      total 225792K, used 45549K [0x00000000eab00000, 0x00000000fde80000, 0x0000000100000000)
  eden space 180224K, 0% used [0x00000000eab00000,0x00000000eab00000,0x00000000f5b00000)
  from space 45568K, 99% used [0x00000000f5b00000,0x00000000f877b730,0x00000000f8780000)
  to   space 56832K, 0% used [0x00000000fa700000,0x00000000fa700000,0x00000000fde80000)
 ParOldGen       total 158720K, used 90218K [0x00000000c0000000, 0x00000000c9b00000, 0x00000000eab00000)
  object space 158720K, 56% used [0x00000000c0000000,0x00000000c581a9f0,0x00000000c9b00000)
 Metaspace       used 89559K, capacity 93804K, committed 94080K, reserved 1130496K
  class space    used 11990K, capacity 12912K, committed 12928K, reserved 1048576K
}
Event: 35.937 GC heap before
{Heap before GC invocations=23 (full 3):
 PSYoungGen      total 225792K, used 225773K [0x00000000eab00000, 0x00000000fde80000, 0x0000000100000000)
  eden space 180224K, 100% used [0x00000000eab00000,0x00000000f5b00000,0x00000000f5b00000)
  from space 45568K, 99% used [0x00000000f5b00000,0x00000000f877b730,0x00000000f8780000)
  to   space 56832K, 0% used [0x00000000fa700000,0x00000000fa700000,0x00000000fde80000)
 ParOldGen       total 158720K, used 90218K [0x00000000c0000000, 0x00000000c9b00000, 0x00000000eab00000)
  object space 158720K, 56% used [0x00000000c0000000,0x00000000c581a9f0,0x00000000c9b00000)
 Metaspace       used 91211K, capacity 95588K, committed 95872K, reserved 1132544K
  class space    used 12169K, capacity 13110K, committed 13184K, reserved 1048576K
Event: 35.997 GC heap after
Heap after GC invocations=23 (full 3):
 PSYoungGen      total 256000K, used 17035K [0x00000000eab00000, 0x00000000fdb80000, 0x0000000100000000)
  eden space 202240K, 0% used [0x00000000eab00000,0x00000000eab00000,0x00000000f7080000)
  from space 53760K, 31% used [0x00000000fa700000,0x00000000fb7a2d98,0x00000000fdb80000)
  to   space 54784K, 0% used [0x00000000f7080000,0x00000000f7080000,0x00000000fa600000)
 ParOldGen       total 158720K, used 117780K [0x00000000c0000000, 0x00000000c9b00000, 0x00000000eab00000)
  object space 158720K, 74% used [0x00000000c0000000,0x00000000c73050b0,0x00000000c9b00000)
 Metaspace       used 91211K, capacity 95588K, committed 95872K, reserved 1132544K
  class space    used 12169K, capacity 13110K, committed 13184K, reserved 1048576K
}
Event: 40.080 GC heap before
{Heap before GC invocations=24 (full 3):
 PSYoungGen      total 256000K, used 184783K [0x00000000eab00000, 0x00000000fdb80000, 0x0000000100000000)
  eden space 202240K, 82% used [0x00000000eab00000,0x00000000f4ed11e0,0x00000000f7080000)
  from space 53760K, 31% used [0x00000000fa700000,0x00000000fb7a2d98,0x00000000fdb80000)
  to   space 54784K, 0% used [0x00000000f7080000,0x00000000f7080000,0x00000000fa600000)
 ParOldGen       total 158720K, used 117780K [0x00000000c0000000, 0x00000000c9b00000, 0x00000000eab00000)
  object space 158720K, 74% used [0x00000000c0000000,0x00000000c73050b0,0x00000000c9b00000)
 Metaspace       used 94047K, capacity 98528K, committed 98560K, reserved 1134592K
  class space    used 12546K, capacity 13542K, committed 13568K, reserved 1048576K
Event: 40.098 GC heap after
Heap after GC invocations=24 (full 3):
 PSYoungGen      total 257024K, used 23761K [0x00000000eab00000, 0x00000000fea00000, 0x0000000100000000)
  eden space 202240K, 0% used [0x00000000eab00000,0x00000000eab00000,0x00000000f7080000)
  from space 54784K, 43% used [0x00000000f7080000,0x00000000f87b47c8,0x00000000fa600000)
  to   space 51712K, 0% used [0x00000000fb780000,0x00000000fb780000,0x00000000fea00000)
 ParOldGen       total 158720K, used 117788K [0x00000000c0000000, 0x00000000c9b00000, 0x00000000eab00000)
  object space 158720K, 74% used [0x00000000c0000000,0x00000000c73070b0,0x00000000c9b00000)
 Metaspace       used 94047K, capacity 98528K, committed 98560K, reserved 1134592K
  class space    used 12546K, capacity 13542K, committed 13568K, reserved 1048576K
}
Event: 40.098 GC heap before
{Heap before GC invocations=25 (full 4):
 PSYoungGen      total 257024K, used 23761K [0x00000000eab00000, 0x00000000fea00000, 0x0000000100000000)
  eden space 202240K, 0% used [0x00000000eab00000,0x00000000eab00000,0x00000000f7080000)
  from space 54784K, 43% used [0x00000000f7080000,0x00000000f87b47c8,0x00000000fa600000)
  to   space 51712K, 0% used [0x00000000fb780000,0x00000000fb780000,0x00000000fea00000)
 ParOldGen       total 158720K, used 117788K [0x00000000c0000000, 0x00000000c9b00000, 0x00000000eab00000)
  object space 158720K, 74% used [0x00000000c0000000,0x00000000c73070b0,0x00000000c9b00000)
 Metaspace       used 94047K, capacity 98528K, committed 98560K, reserved 1134592K
  class space    used 12546K, capacity 13542K, committed 13568K, reserved 1048576K
Event: 40.694 GC heap after
Heap after GC invocations=25 (full 4):
 PSYoungGen      total 257024K, used 0K [0x00000000eab00000, 0x00000000fea00000, 0x0000000100000000)
  eden space 202240K, 0% used [0x00000000eab00000,0x00000000eab00000,0x00000000f7080000)
  from space 54784K, 0% used [0x00000000f7080000,0x00000000f7080000,0x00000000fa600000)
  to   space 51712K, 0% used [0x00000000fb780000,0x00000000fb780000,0x00000000fea00000)
 ParOldGen       total 267264K, used 84738K [0x00000000c0000000, 0x00000000d0500000, 0x00000000eab00000)
  object space 267264K, 31% used [0x00000000c0000000,0x00000000c52c0b68,0x00000000d0500000)
 Metaspace       used 93878K, capacity 98054K, committed 98560K, reserved 1134592K
  class space    used 12494K, capacity 13433K, committed 13568K, reserved 1048576K
}

