# JRE version: Java(TM) SE Runtime Environment (8.0_231-b11) (build 1.8.0_231-b11)
# Java VM: Java HotSpot(TM) 64-Bit Server VM (25.231-b11 mixed mode windows-amd64 compressed oops)
Heap:
 PSYoungGen      total 319488K, used 224962K [0x00000000eab00000, 0x0000000100000000, 0x0000000100000000)
  eden space 297984K, 75% used [0x00000000eab00000,0x00000000f86b0880,0x00000000fce00000)
  from space 21504K, 0% used [0x00000000fce00000,0x00000000fce00000,0x00000000fe300000)
  to   space 28160K, 0% used [0x00000000fe480000,0x00000000fe480000,0x0000000100000000)
 ParOldGen       total 102912K, used 37308K [0x00000000c0000000, 0x00000000c6480000, 0x00000000eab00000)
  object space 102912K, 36% used [0x00000000c0000000,0x00000000c246f388,0x00000000c6480000)
 Metaspace       used 64879K, capacity 67917K, committed 68224K, reserved 1107968K
  class space    used 9076K, capacity 9737K, committed 9856K, reserved 1048576K
GC Heap History (10 events):
Event: 6.520 GC heap before
{Heap before GC invocations=8 (full 1):
 PSYoungGen      total 263680K, used 64820K [0x00000000eab00000, 0x00000000fc500000, 0x0000000100000000)
  eden space 250368K, 20% used [0x00000000eab00000,0x00000000edd4ee00,0x00000000f9f80000)
  from space 13312K, 99% used [0x00000000fb800000,0x00000000fc4fe388,0x00000000fc500000)
  to   space 16384K, 0% used [0x00000000fa500000,0x00000000fa500000,0x00000000fb500000)
 ParOldGen       total 50176K, used 7563K [0x00000000c0000000, 0x00000000c3100000, 0x00000000eab00000)
  object space 50176K, 15% used [0x00000000c0000000,0x00000000c0762c28,0x00000000c3100000)
 Metaspace       used 34489K, capacity 35443K, committed 35496K, reserved 1079296K
  class space    used 4834K, capacity 5120K, committed 5120K, reserved 1048576K
Event: 6.540 GC heap after
Heap after GC invocations=8 (full 1):
 PSYoungGen      total 272384K, used 9518K [0x00000000eab00000, 0x0000000100000000, 0x0000000100000000)
  eden space 256000K, 0% used [0x00000000eab00000,0x00000000eab00000,0x00000000fa500000)
  from space 16384K, 58% used [0x00000000fa500000,0x00000000fae4bbc8,0x00000000fb500000)
  to   space 15872K, 0% used [0x00000000ff080000,0x00000000ff080000,0x0000000100000000)
 ParOldGen       total 50176K, used 7571K [0x00000000c0000000, 0x00000000c3100000, 0x00000000eab00000)
  object space 50176K, 15% used [0x00000000c0000000,0x00000000c0764c28,0x00000000c3100000)
 Metaspace       used 34489K, capacity 35443K, committed 35496K, reserved 1079296K
  class space    used 4834K, capacity 5120K, committed 5120K, reserved 1048576K
}
Event: 6.540 GC heap before
{Heap before GC invocations=9 (full 2):
 PSYoungGen      total 272384K, used 9518K [0x00000000eab00000, 0x0000000100000000, 0x0000000100000000)
  eden space 256000K, 0% used [0x00000000eab00000,0x00000000eab00000,0x00000000fa500000)
  from space 16384K, 58% used [0x00000000fa500000,0x00000000fae4bbc8,0x00000000fb500000)
  to   space 15872K, 0% used [0x00000000ff080000,0x00000000ff080000,0x0000000100000000)
 ParOldGen       total 50176K, used 7571K [0x00000000c0000000, 0x00000000c3100000, 0x00000000eab00000)
  object space 50176K, 15% used [0x00000000c0000000,0x00000000c0764c28,0x00000000c3100000)
 Metaspace       used 34489K, capacity 35443K, committed 35496K, reserved 1079296K
  class space    used 4834K, capacity 5120K, committed 5120K, reserved 1048576K
Event: 6.604 GC heap after
Heap after GC invocations=9 (full 2):
 PSYoungGen      total 272384K, used 0K [0x00000000eab00000, 0x0000000100000000, 0x0000000100000000)
  eden space 256000K, 0% used [0x00000000eab00000,0x00000000eab00000,0x00000000fa500000)
  from space 16384K, 0% used [0x00000000fa500000,0x00000000fa500000,0x00000000fb500000)
  to   space 15872K, 0% used [0x00000000ff080000,0x00000000ff080000,0x0000000100000000)
 ParOldGen       total 66560K, used 16239K [0x00000000c0000000, 0x00000000c4100000, 0x00000000eab00000)
  object space 66560K, 24% used [0x00000000c0000000,0x00000000c0fdbe08,0x00000000c4100000)
 Metaspace       used 34489K, capacity 35443K, committed 35496K, reserved 1079296K
  class space    used 4834K, capacity 5120K, committed 5120K, reserved 1048576K
}
Event: 11.326 GC heap before
{Heap before GC invocations=10 (full 2):
 PSYoungGen      total 272384K, used 256000K [0x00000000eab00000, 0x0000000100000000, 0x0000000100000000)
  eden space 256000K, 100% used [0x00000000eab00000,0x00000000fa500000,0x00000000fa500000)
  from space 16384K, 0% used [0x00000000fa500000,0x00000000fa500000,0x00000000fb500000)
  to   space 15872K, 0% used [0x00000000ff080000,0x00000000ff080000,0x0000000100000000)
 ParOldGen       total 66560K, used 16239K [0x00000000c0000000, 0x00000000c4100000, 0x00000000eab00000)
  object space 66560K, 24% used [0x00000000c0000000,0x00000000c0fdbe08,0x00000000c4100000)
 Metaspace       used 54606K, capacity 56647K, committed 56832K, reserved 1097728K
  class space    used 7572K, capacity 8071K, committed 8192K, reserved 1048576K
Event: 11.359 GC heap after
Heap after GC invocations=10 (full 2):
 PSYoungGen      total 313856K, used 15852K [0x00000000eab00000, 0x0000000100000000, 0x0000000100000000)
  eden space 297984K, 0% used [0x00000000eab00000,0x00000000eab00000,0x00000000fce00000)
  from space 15872K, 99% used [0x00000000ff080000,0x00000000ffffb310,0x0000000100000000)
  to   space 25600K, 0% used [0x00000000fce00000,0x00000000fce00000,0x00000000fe700000)
 ParOldGen       total 66560K, used 32646K [0x00000000c0000000, 0x00000000c4100000, 0x00000000eab00000)
  object space 66560K, 49% used [0x00000000c0000000,0x00000000c1fe19b8,0x00000000c4100000)
 Metaspace       used 54606K, capacity 56647K, committed 56832K, reserved 1097728K
  class space    used 7572K, capacity 8071K, committed 8192K, reserved 1048576K
}
Event: 12.696 GC heap before
{Heap before GC invocations=11 (full 2):
 PSYoungGen      total 313856K, used 77235K [0x00000000eab00000, 0x0000000100000000, 0x0000000100000000)
  eden space 297984K, 20% used [0x00000000eab00000,0x00000000ee6f1c40,0x00000000fce00000)
  from space 15872K, 99% used [0x00000000ff080000,0x00000000ffffb310,0x0000000100000000)
  to   space 25600K, 0% used [0x00000000fce00000,0x00000000fce00000,0x00000000fe700000)
 ParOldGen       total 66560K, used 32646K [0x00000000c0000000, 0x00000000c4100000, 0x00000000eab00000)
  object space 66560K, 49% used [0x00000000c0000000,0x00000000c1fe19b8,0x00000000c4100000)
 Metaspace       used 56640K, capacity 58895K, committed 59136K, reserved 1099776K
  class space    used 7903K, capacity 8428K, committed 8448K, reserved 1048576K
Event: 12.725 GC heap after
Heap after GC invocations=11 (full 2):
 PSYoungGen      total 319488K, used 21217K [0x00000000eab00000, 0x0000000100000000, 0x0000000100000000)
  eden space 297984K, 0% used [0x00000000eab00000,0x00000000eab00000,0x00000000fce00000)
  from space 21504K, 98% used [0x00000000fce00000,0x00000000fe2b86e0,0x00000000fe300000)
  to   space 28160K, 0% used [0x00000000fe480000,0x00000000fe480000,0x0000000100000000)
 ParOldGen       total 66560K, used 32654K [0x00000000c0000000, 0x00000000c4100000, 0x00000000eab00000)
  object space 66560K, 49% used [0x00000000c0000000,0x00000000c1fe39b8,0x00000000c4100000)
 Metaspace       used 56640K, capacity 58895K, committed 59136K, reserved 1099776K
  class space    used 7903K, capacity 8428K, committed 8448K, reserved 1048576K
}
Event: 12.725 GC heap before
{Heap before GC invocations=12 (full 3):
 PSYoungGen      total 319488K, used 21217K [0x00000000eab00000, 0x0000000100000000, 0x0000000100000000)
  eden space 297984K, 0% used [0x00000000eab00000,0x00000000eab00000,0x00000000fce00000)
  from space 21504K, 98% used [0x00000000fce00000,0x00000000fe2b86e0,0x00000000fe300000)
  to   space 28160K, 0% used [0x00000000fe480000,0x00000000fe480000,0x0000000100000000)
 ParOldGen       total 66560K, used 32654K [0x00000000c0000000, 0x00000000c4100000, 0x00000000eab00000)
  object space 66560K, 49% used [0x00000000c0000000,0x00000000c1fe39b8,0x00000000c4100000)
 Metaspace       used 56640K, capacity 58895K, committed 59136K, reserved 1099776K
  class space    used 7903K, capacity 8428K, committed 8448K, reserved 1048576K
Event: 13.018 GC heap after
Heap after GC invocations=12 (full 3):
 PSYoungGen      total 319488K, used 0K [0x00000000eab00000, 0x0000000100000000, 0x0000000100000000)
  eden space 297984K, 0% used [0x00000000eab00000,0x00000000eab00000,0x00000000fce00000)
  from space 21504K, 0% used [0x00000000fce00000,0x00000000fce00000,0x00000000fe300000)
  to   space 28160K, 0% used [0x00000000fe480000,0x00000000fe480000,0x0000000100000000)
 ParOldGen       total 102912K, used 37308K [0x00000000c0000000, 0x00000000c6480000, 0x00000000eab00000)
  object space 102912K, 36% used [0x00000000c0000000,0x00000000c246f388,0x00000000c6480000)
 Metaspace       used 56631K, capacity 58865K, committed 59136K, reserved 1099776K
  class space    used 7900K, capacity 8423K, committed 8448K, reserved 1048576K
}

