# JRE version: Java(TM) SE Runtime Environment (8.0_231-b11) (build 1.8.0_231-b11)
# Java VM: Java HotSpot(TM) 64-Bit Server VM (25.231-b11 mixed mode windows-amd64 compressed oops)
Heap:
 PSYoungGen      total 305664K, used 107650K [0x00000000eab00000, 0x00000000ffa80000, 0x0000000100000000)
  eden space 275968K, 34% used [0x00000000eab00000,0x00000000f08c0378,0x00000000fb880000)
  from space 29696K, 39% used [0x00000000fdd80000,0x00000000fe8e0620,0x00000000ffa80000)
  to   space 33792K, 0% used [0x00000000fb880000,0x00000000fb880000,0x00000000fd980000)
 ParOldGen       total 136192K, used 100948K [0x00000000c0000000, 0x00000000c8500000, 0x00000000eab00000)
  object space 136192K, 74% used [0x00000000c0000000,0x00000000c6295218,0x00000000c8500000)
 Metaspace       used 91734K, capacity 97016K, committed 97280K, reserved 1132544K
  class space    used 12233K, capacity 13303K, committed 13312K, reserved 1048576K
GC Heap History (10 events):
Event: 20.290 GC heap before
{Heap before GC invocations=17 (full 3):
 PSYoungGen      total 201728K, used 195316K [0x00000000eab00000, 0x00000000fb000000, 0x0000000100000000)
  eden space 180224K, 100% used [0x00000000eab00000,0x00000000f5b00000,0x00000000f5b00000)
  from space 21504K, 70% used [0x00000000f5b00000,0x00000000f69bd0a0,0x00000000f7000000)
  to   space 22016K, 0% used [0x00000000f9a80000,0x00000000f9a80000,0x00000000fb000000)
 ParOldGen       total 136192K, used 42682K [0x00000000c0000000, 0x00000000c8500000, 0x00000000eab00000)
  object space 136192K, 31% used [0x00000000c0000000,0x00000000c29ae8f8,0x00000000c8500000)
 Metaspace       used 75158K, capacity 78450K, committed 78720K, reserved 1116160K
  class space    used 10563K, capacity 11296K, committed 11392K, reserved 1048576K
Event: 20.319 GC heap after
Heap after GC invocations=17 (full 3):
 PSYoungGen      total 238592K, used 21993K [0x00000000eab00000, 0x00000000fb780000, 0x0000000100000000)
  eden space 216576K, 0% used [0x00000000eab00000,0x00000000eab00000,0x00000000f7e80000)
  from space 22016K, 99% used [0x00000000f9a80000,0x00000000faffa580,0x00000000fb000000)
  to   space 28672K, 0% used [0x00000000f7e80000,0x00000000f7e80000,0x00000000f9a80000)
 ParOldGen       total 136192K, used 52614K [0x00000000c0000000, 0x00000000c8500000, 0x00000000eab00000)
  object space 136192K, 38% used [0x00000000c0000000,0x00000000c3361aa0,0x00000000c8500000)
 Metaspace       used 75158K, capacity 78450K, committed 78720K, reserved 1116160K
  class space    used 10563K, capacity 11296K, committed 11392K, reserved 1048576K
}
Event: 22.253 GC heap before
{Heap before GC invocations=18 (full 3):
 PSYoungGen      total 238592K, used 238569K [0x00000000eab00000, 0x00000000fb780000, 0x0000000100000000)
  eden space 216576K, 100% used [0x00000000eab00000,0x00000000f7e80000,0x00000000f7e80000)
  from space 22016K, 99% used [0x00000000f9a80000,0x00000000faffa580,0x00000000fb000000)
  to   space 28672K, 0% used [0x00000000f7e80000,0x00000000f7e80000,0x00000000f9a80000)
 ParOldGen       total 136192K, used 52614K [0x00000000c0000000, 0x00000000c8500000, 0x00000000eab00000)
  object space 136192K, 38% used [0x00000000c0000000,0x00000000c3361aa0,0x00000000c8500000)
 Metaspace       used 78475K, capacity 81872K, committed 82176K, reserved 1120256K
  class space    used 10929K, capacity 11669K, committed 11776K, reserved 1048576K
Event: 22.300 GC heap after
Heap after GC invocations=18 (full 3):
 PSYoungGen      total 245248K, used 17190K [0x00000000eab00000, 0x00000000fe380000, 0x0000000100000000)
  eden space 216576K, 0% used [0x00000000eab00000,0x00000000eab00000,0x00000000f7e80000)
  from space 28672K, 59% used [0x00000000f7e80000,0x00000000f8f49aa8,0x00000000f9a80000)
  to   space 28672K, 0% used [0x00000000fc780000,0x00000000fc780000,0x00000000fe380000)
 ParOldGen       total 136192K, used 72008K [0x00000000c0000000, 0x00000000c8500000, 0x00000000eab00000)
  object space 136192K, 52% used [0x00000000c0000000,0x00000000c4652298,0x00000000c8500000)
 Metaspace       used 78475K, capacity 81872K, committed 82176K, reserved 1120256K
  class space    used 10929K, capacity 11669K, committed 11776K, reserved 1048576K
}
Event: 88.797 GC heap before
{Heap before GC invocations=19 (full 3):
 PSYoungGen      total 245248K, used 233766K [0x00000000eab00000, 0x00000000fe380000, 0x0000000100000000)
  eden space 216576K, 100% used [0x00000000eab00000,0x00000000f7e80000,0x00000000f7e80000)
  from space 28672K, 59% used [0x00000000f7e80000,0x00000000f8f49aa8,0x00000000f9a80000)
  to   space 28672K, 0% used [0x00000000fc780000,0x00000000fc780000,0x00000000fe380000)
 ParOldGen       total 136192K, used 72008K [0x00000000c0000000, 0x00000000c8500000, 0x00000000eab00000)
  object space 136192K, 52% used [0x00000000c0000000,0x00000000c4652298,0x00000000c8500000)
 Metaspace       used 87350K, capacity 91548K, committed 91776K, reserved 1128448K
  class space    used 11747K, capacity 12612K, committed 12672K, reserved 1048576K
Event: 88.829 GC heap after
Heap after GC invocations=19 (full 3):
 PSYoungGen      total 283648K, used 28641K [0x00000000eab00000, 0x00000000feb00000, 0x0000000100000000)
  eden space 254976K, 0% used [0x00000000eab00000,0x00000000eab00000,0x00000000fa400000)
  from space 28672K, 99% used [0x00000000fc780000,0x00000000fe378708,0x00000000fe380000)
  to   space 36352K, 0% used [0x00000000fa400000,0x00000000fa400000,0x00000000fc780000)
 ParOldGen       total 136192K, used 80510K [0x00000000c0000000, 0x00000000c8500000, 0x00000000eab00000)
  object space 136192K, 59% used [0x00000000c0000000,0x00000000c4e9f8e0,0x00000000c8500000)
 Metaspace       used 87350K, capacity 91548K, committed 91776K, reserved 1128448K
  class space    used 11747K, capacity 12612K, committed 12672K, reserved 1048576K
}
Event: 119.730 GC heap before
{Heap before GC invocations=20 (full 3):
 PSYoungGen      total 283648K, used 283617K [0x00000000eab00000, 0x00000000feb00000, 0x0000000100000000)
  eden space 254976K, 100% used [0x00000000eab00000,0x00000000fa400000,0x00000000fa400000)
  from space 28672K, 99% used [0x00000000fc780000,0x00000000fe378708,0x00000000fe380000)
  to   space 36352K, 0% used [0x00000000fa400000,0x00000000fa400000,0x00000000fc780000)
 ParOldGen       total 136192K, used 80510K [0x00000000c0000000, 0x00000000c8500000, 0x00000000eab00000)
  object space 136192K, 59% used [0x00000000c0000000,0x00000000c4e9f8e0,0x00000000c8500000)
 Metaspace       used 88527K, capacity 93110K, committed 93312K, reserved 1130496K
  class space    used 11843K, capacity 12808K, committed 12928K, reserved 1048576K
Event: 119.761 GC heap after
Heap after GC invocations=20 (full 3):
 PSYoungGen      total 291328K, used 8474K [0x00000000eab00000, 0x0000000100000000, 0x0000000100000000)
  eden space 254976K, 0% used [0x00000000eab00000,0x00000000eab00000,0x00000000fa400000)
  from space 36352K, 23% used [0x00000000fa400000,0x00000000fac46848,0x00000000fc780000)
  to   space 35328K, 0% used [0x00000000fdd80000,0x00000000fdd80000,0x0000000100000000)
 ParOldGen       total 136192K, used 100940K [0x00000000c0000000, 0x00000000c8500000, 0x00000000eab00000)
  object space 136192K, 74% used [0x00000000c0000000,0x00000000c6293218,0x00000000c8500000)
 Metaspace       used 88527K, capacity 93110K, committed 93312K, reserved 1130496K
  class space    used 11843K, capacity 12808K, committed 12928K, reserved 1048576K
}
Event: 149.821 GC heap before
{Heap before GC invocations=21 (full 3):
 PSYoungGen      total 291328K, used 263450K [0x00000000eab00000, 0x0000000100000000, 0x0000000100000000)
  eden space 254976K, 100% used [0x00000000eab00000,0x00000000fa400000,0x00000000fa400000)
  from space 36352K, 23% used [0x00000000fa400000,0x00000000fac46848,0x00000000fc780000)
  to   space 35328K, 0% used [0x00000000fdd80000,0x00000000fdd80000,0x0000000100000000)
 ParOldGen       total 136192K, used 100940K [0x00000000c0000000, 0x00000000c8500000, 0x00000000eab00000)
  object space 136192K, 74% used [0x00000000c0000000,0x00000000c6293218,0x00000000c8500000)
 Metaspace       used 90320K, capacity 95380K, committed 95616K, reserved 1132544K
  class space    used 12064K, capacity 13095K, committed 13184K, reserved 1048576K
Event: 149.915 GC heap after
Heap after GC invocations=21 (full 3):
 PSYoungGen      total 305664K, used 11649K [0x00000000eab00000, 0x00000000ffa80000, 0x0000000100000000)
  eden space 275968K, 0% used [0x00000000eab00000,0x00000000eab00000,0x00000000fb880000)
  from space 29696K, 39% used [0x00000000fdd80000,0x00000000fe8e0620,0x00000000ffa80000)
  to   space 33792K, 0% used [0x00000000fb880000,0x00000000fb880000,0x00000000fd980000)
 ParOldGen       total 136192K, used 100948K [0x00000000c0000000, 0x00000000c8500000, 0x00000000eab00000)
  object space 136192K, 74% used [0x00000000c0000000,0x00000000c6295218,0x00000000c8500000)
 Metaspace       used 90320K, capacity 95380K, committed 95616K, reserved 1132544K
  class space    used 12064K, capacity 13095K, committed 13184K, reserved 1048576K
}

