# JRE version: Java(TM) SE Runtime Environment (8.0_231-b11) (build 1.8.0_231-b11)
# Java VM: Java HotSpot(TM) 64-Bit Server VM (25.231-b11 mixed mode windows-amd64 compressed oops)
Heap:
 PSYoungGen      total 261120K, used 49813K [0x00000000eab00000, 0x00000000ff900000, 0x0000000100000000)
  eden space 180224K, 23% used [0x00000000eab00000,0x00000000ed44a908,0x00000000f5b00000)
  from space 80896K, 9% used [0x00000000f5b00000,0x00000000f625ad10,0x00000000faa00000)
  to   space 77312K, 0% used [0x00000000fad80000,0x00000000fad80000,0x00000000ff900000)
 ParOldGen       total 177664K, used 97453K [0x00000000c0000000, 0x00000000cad80000, 0x00000000eab00000)
  object space 177664K, 54% used [0x00000000c0000000,0x00000000c5f2b4c8,0x00000000cad80000)
 Metaspace       used 104613K, capacity 111421K, committed 115584K, reserved 1148928K
  class space    used 13601K, capacity 14805K, committed 15488K, reserved 1048576K
GC Heap History (10 events):
Event: 3001.919 GC heap before
{Heap before GC invocations=44 (full 5):
 PSYoungGen      total 246784K, used 176423K [0x00000000eab00000, 0x00000000ff980000, 0x0000000100000000)
  eden space 157184K, 100% used [0x00000000eab00000,0x00000000f4480000,0x00000000f4480000)
  from space 89600K, 21% used [0x00000000fa200000,0x00000000fb4c9cf8,0x00000000ff980000)
  to   space 92672K, 0% used [0x00000000f4480000,0x00000000f4480000,0x00000000f9f00000)
 ParOldGen       total 177664K, used 80507K [0x00000000c0000000, 0x00000000cad80000, 0x00000000eab00000)
  object space 177664K, 45% used [0x00000000c0000000,0x00000000c4e9ee80,0x00000000cad80000)
 Metaspace       used 103610K, capacity 110329K, committed 115584K, reserved 1148928K
  class space    used 13497K, capacity 14701K, committed 15488K, reserved 1048576K
Event: 3001.972 GC heap after
Heap after GC invocations=44 (full 5):
 PSYoungGen      total 249856K, used 40179K [0x00000000eab00000, 0x00000000ffc00000, 0x0000000100000000)
  eden space 157184K, 0% used [0x00000000eab00000,0x00000000eab00000,0x00000000f4480000)
  from space 92672K, 43% used [0x00000000f4480000,0x00000000f6bbced0,0x00000000f9f00000)
  to   space 89088K, 0% used [0x00000000fa500000,0x00000000fa500000,0x00000000ffc00000)
 ParOldGen       total 177664K, used 80507K [0x00000000c0000000, 0x00000000cad80000, 0x00000000eab00000)
  object space 177664K, 45% used [0x00000000c0000000,0x00000000c4e9ee80,0x00000000cad80000)
 Metaspace       used 103610K, capacity 110329K, committed 115584K, reserved 1148928K
  class space    used 13497K, capacity 14701K, committed 15488K, reserved 1048576K
}
Event: 3002.709 GC heap before
{Heap before GC invocations=45 (full 5):
 PSYoungGen      total 249856K, used 197158K [0x00000000eab00000, 0x00000000ffc00000, 0x0000000100000000)
  eden space 157184K, 99% used [0x00000000eab00000,0x00000000f444cc18,0x00000000f4480000)
  from space 92672K, 43% used [0x00000000f4480000,0x00000000f6bbced0,0x00000000f9f00000)
  to   space 89088K, 0% used [0x00000000fa500000,0x00000000fa500000,0x00000000ffc00000)
 ParOldGen       total 177664K, used 80507K [0x00000000c0000000, 0x00000000cad80000, 0x00000000eab00000)
  object space 177664K, 45% used [0x00000000c0000000,0x00000000c4e9ee80,0x00000000cad80000)
 Metaspace       used 103633K, capacity 110401K, committed 115584K, reserved 1148928K
  class space    used 13497K, capacity 14701K, committed 15488K, reserved 1048576K
Event: 3002.734 GC heap after
Heap after GC invocations=45 (full 5):
 PSYoungGen      total 249856K, used 23588K [0x00000000eab00000, 0x00000000ff580000, 0x0000000100000000)
  eden space 167424K, 0% used [0x00000000eab00000,0x00000000eab00000,0x00000000f4e80000)
  from space 82432K, 28% used [0x00000000fa500000,0x00000000fbc09118,0x00000000ff580000)
  to   space 85504K, 0% used [0x00000000f4e80000,0x00000000f4e80000,0x00000000fa200000)
 ParOldGen       total 177664K, used 81493K [0x00000000c0000000, 0x00000000cad80000, 0x00000000eab00000)
  object space 177664K, 45% used [0x00000000c0000000,0x00000000c4f95628,0x00000000cad80000)
 Metaspace       used 103633K, capacity 110401K, committed 115584K, reserved 1148928K
  class space    used 13497K, capacity 14701K, committed 15488K, reserved 1048576K
}
Event: 4932.499 GC heap before
{Heap before GC invocations=46 (full 5):
 PSYoungGen      total 249856K, used 191012K [0x00000000eab00000, 0x00000000ff580000, 0x0000000100000000)
  eden space 167424K, 100% used [0x00000000eab00000,0x00000000f4e80000,0x00000000f4e80000)
  from space 82432K, 28% used [0x00000000fa500000,0x00000000fbc09118,0x00000000ff580000)
  to   space 85504K, 0% used [0x00000000f4e80000,0x00000000f4e80000,0x00000000fa200000)
 ParOldGen       total 177664K, used 81493K [0x00000000c0000000, 0x00000000cad80000, 0x00000000eab00000)
  object space 177664K, 45% used [0x00000000c0000000,0x00000000c4f95628,0x00000000cad80000)
 Metaspace       used 103715K, capacity 110477K, committed 115584K, reserved 1148928K
  class space    used 13497K, capacity 14701K, committed 15488K, reserved 1048576K
Event: 4932.595 GC heap after
Heap after GC invocations=46 (full 5):
 PSYoungGen      total 252928K, used 13903K [0x00000000eab00000, 0x00000000fff00000, 0x0000000100000000)
  eden space 167424K, 0% used [0x00000000eab00000,0x00000000eab00000,0x00000000f4e80000)
  from space 85504K, 16% used [0x00000000f4e80000,0x00000000f5c13c98,0x00000000fa200000)
  to   space 83456K, 0% used [0x00000000fad80000,0x00000000fad80000,0x00000000fff00000)
 ParOldGen       total 177664K, used 83025K [0x00000000c0000000, 0x00000000cad80000, 0x00000000eab00000)
  object space 177664K, 46% used [0x00000000c0000000,0x00000000c5114648,0x00000000cad80000)
 Metaspace       used 103715K, capacity 110477K, committed 115584K, reserved 1148928K
  class space    used 13497K, capacity 14701K, committed 15488K, reserved 1048576K
}
Event: 4937.750 GC heap before
{Heap before GC invocations=47 (full 5):
 PSYoungGen      total 252928K, used 181327K [0x00000000eab00000, 0x00000000fff00000, 0x0000000100000000)
  eden space 167424K, 100% used [0x00000000eab00000,0x00000000f4e80000,0x00000000f4e80000)
  from space 85504K, 16% used [0x00000000f4e80000,0x00000000f5c13c98,0x00000000fa200000)
  to   space 83456K, 0% used [0x00000000fad80000,0x00000000fad80000,0x00000000fff00000)
 ParOldGen       total 177664K, used 83025K [0x00000000c0000000, 0x00000000cad80000, 0x00000000eab00000)
  object space 177664K, 46% used [0x00000000c0000000,0x00000000c5114648,0x00000000cad80000)
 Metaspace       used 103764K, capacity 110547K, committed 115584K, reserved 1148928K
  class space    used 13498K, capacity 14703K, committed 15488K, reserved 1048576K
Event: 4937.968 GC heap after
Heap after GC invocations=47 (full 5):
 PSYoungGen      total 257536K, used 15710K [0x00000000eab00000, 0x00000000ff900000, 0x0000000100000000)
  eden space 180224K, 0% used [0x00000000eab00000,0x00000000eab00000,0x00000000f5b00000)
  from space 77312K, 20% used [0x00000000fad80000,0x00000000fbcd7920,0x00000000ff900000)
  to   space 80896K, 0% used [0x00000000f5b00000,0x00000000f5b00000,0x00000000faa00000)
 ParOldGen       total 177664K, used 83429K [0x00000000c0000000, 0x00000000cad80000, 0x00000000eab00000)
  object space 177664K, 46% used [0x00000000c0000000,0x00000000c5179688,0x00000000cad80000)
 Metaspace       used 103764K, capacity 110547K, committed 115584K, reserved 1148928K
  class space    used 13498K, capacity 14703K, committed 15488K, reserved 1048576K
}
Event: 4945.036 GC heap before
{Heap before GC invocations=48 (full 5):
 PSYoungGen      total 257536K, used 195934K [0x00000000eab00000, 0x00000000ff900000, 0x0000000100000000)
  eden space 180224K, 100% used [0x00000000eab00000,0x00000000f5b00000,0x00000000f5b00000)
  from space 77312K, 20% used [0x00000000fad80000,0x00000000fbcd7920,0x00000000ff900000)
  to   space 80896K, 0% used [0x00000000f5b00000,0x00000000f5b00000,0x00000000faa00000)
 ParOldGen       total 177664K, used 83429K [0x00000000c0000000, 0x00000000cad80000, 0x00000000eab00000)
  object space 177664K, 46% used [0x00000000c0000000,0x00000000c5179688,0x00000000cad80000)
 Metaspace       used 104608K, capacity 111421K, committed 115584K, reserved 1148928K
  class space    used 13601K, capacity 14805K, committed 15488K, reserved 1048576K
Event: 4945.782 GC heap after
Heap after GC invocations=48 (full 5):
 PSYoungGen      total 261120K, used 7531K [0x00000000eab00000, 0x00000000ff900000, 0x0000000100000000)
  eden space 180224K, 0% used [0x00000000eab00000,0x00000000eab00000,0x00000000f5b00000)
  from space 80896K, 9% used [0x00000000f5b00000,0x00000000f625ad10,0x00000000faa00000)
  to   space 77312K, 0% used [0x00000000fad80000,0x00000000fad80000,0x00000000ff900000)
 ParOldGen       total 177664K, used 97453K [0x00000000c0000000, 0x00000000cad80000, 0x00000000eab00000)
  object space 177664K, 54% used [0x00000000c0000000,0x00000000c5f2b4c8,0x00000000cad80000)
 Metaspace       used 104608K, capacity 111421K, committed 115584K, reserved 1148928K
  class space    used 13601K, capacity 14805K, committed 15488K, reserved 1048576K
}

