# JRE version: Java(TM) SE Runtime Environment (8.0_231-b11) (build 1.8.0_231-b11)
# Java VM: Java HotSpot(TM) 64-Bit Server VM (25.231-b11 mixed mode windows-amd64 compressed oops)
Heap:
 PSYoungGen      total 103936K, used 48805K [0x00000000eab00000, 0x00000000f2180000, 0x0000000100000000)
  eden space 92672K, 40% used [0x00000000eab00000,0x00000000ecfbe618,0x00000000f0580000)
  from space 11264K, 99% used [0x00000000f1680000,0x00000000f216b0d0,0x00000000f2180000)
  to   space 12800K, 0% used [0x00000000f0880000,0x00000000f0880000,0x00000000f1500000)
 ParOldGen       total 83456K, used 15092K [0x00000000c0000000, 0x00000000c5180000, 0x00000000eab00000)
  object space 83456K, 18% used [0x00000000c0000000,0x00000000c0ebd038,0x00000000c5180000)
 Metaspace       used 43371K, capacity 44890K, committed 45056K, reserved 1087488K
  class space    used 5981K, capacity 6375K, committed 6400K, reserved 1048576K
GC Heap History (10 events):
Event: 10.792 GC heap before
{Heap before GC invocations=10 (full 1):
 PSYoungGen      total 59392K, used 55848K [0x00000000eab00000, 0x00000000ef080000, 0x0000000100000000)
  eden space 49664K, 100% used [0x00000000eab00000,0x00000000edb80000,0x00000000edb80000)
  from space 9728K, 63% used [0x00000000ee700000,0x00000000eed0a3a8,0x00000000ef080000)
  to   space 10752K, 0% used [0x00000000edb80000,0x00000000edb80000,0x00000000ee600000)
 ParOldGen       total 59392K, used 9032K [0x00000000c0000000, 0x00000000c3a00000, 0x00000000eab00000)
  object space 59392K, 15% used [0x00000000c0000000,0x00000000c08d21f8,0x00000000c3a00000)
 Metaspace       used 32129K, capacity 32922K, committed 33152K, reserved 1077248K
  class space    used 4448K, capacity 4672K, committed 4736K, reserved 1048576K
Event: 10.809 GC heap after
Heap after GC invocations=10 (full 1):
 PSYoungGen      total 60416K, used 7923K [0x00000000eab00000, 0x00000000f0280000, 0x0000000100000000)
  eden space 49664K, 0% used [0x00000000eab00000,0x00000000eab00000,0x00000000edb80000)
  from space 10752K, 73% used [0x00000000edb80000,0x00000000ee33ccf8,0x00000000ee600000)
  to   space 10752K, 0% used [0x00000000ef800000,0x00000000ef800000,0x00000000f0280000)
 ParOldGen       total 59392K, used 9040K [0x00000000c0000000, 0x00000000c3a00000, 0x00000000eab00000)
  object space 59392K, 15% used [0x00000000c0000000,0x00000000c08d41f8,0x00000000c3a00000)
 Metaspace       used 32129K, capacity 32922K, committed 33152K, reserved 1077248K
  class space    used 4448K, capacity 4672K, committed 4736K, reserved 1048576K
}
Event: 11.811 GC heap before
{Heap before GC invocations=11 (full 1):
 PSYoungGen      total 60416K, used 57587K [0x00000000eab00000, 0x00000000f0280000, 0x0000000100000000)
  eden space 49664K, 100% used [0x00000000eab00000,0x00000000edb80000,0x00000000edb80000)
  from space 10752K, 73% used [0x00000000edb80000,0x00000000ee33ccf8,0x00000000ee600000)
  to   space 10752K, 0% used [0x00000000ef800000,0x00000000ef800000,0x00000000f0280000)
 ParOldGen       total 59392K, used 9040K [0x00000000c0000000, 0x00000000c3a00000, 0x00000000eab00000)
  object space 59392K, 15% used [0x00000000c0000000,0x00000000c08d41f8,0x00000000c3a00000)
 Metaspace       used 33826K, capacity 34636K, committed 35072K, reserved 1079296K
  class space    used 4739K, capacity 5003K, committed 5120K, reserved 1048576K
Event: 11.850 GC heap after
Heap after GC invocations=11 (full 1):
 PSYoungGen      total 78848K, used 5618K [0x00000000eab00000, 0x00000000f0600000, 0x0000000100000000)
  eden space 68096K, 0% used [0x00000000eab00000,0x00000000eab00000,0x00000000eed80000)
  from space 10752K, 52% used [0x00000000ef800000,0x00000000efd7c860,0x00000000f0280000)
  to   space 10752K, 0% used [0x00000000eed80000,0x00000000eed80000,0x00000000ef800000)
 ParOldGen       total 59392K, used 12252K [0x00000000c0000000, 0x00000000c3a00000, 0x00000000eab00000)
  object space 59392K, 20% used [0x00000000c0000000,0x00000000c0bf71d8,0x00000000c3a00000)
 Metaspace       used 33826K, capacity 34636K, committed 35072K, reserved 1079296K
  class space    used 4739K, capacity 5003K, committed 5120K, reserved 1048576K
}
Event: 12.049 GC heap before
{Heap before GC invocations=12 (full 1):
 PSYoungGen      total 78848K, used 18716K [0x00000000eab00000, 0x00000000f0600000, 0x0000000100000000)
  eden space 68096K, 19% used [0x00000000eab00000,0x00000000eb7ca848,0x00000000eed80000)
  from space 10752K, 52% used [0x00000000ef800000,0x00000000efd7c860,0x00000000f0280000)
  to   space 10752K, 0% used [0x00000000eed80000,0x00000000eed80000,0x00000000ef800000)
 ParOldGen       total 59392K, used 12252K [0x00000000c0000000, 0x00000000c3a00000, 0x00000000eab00000)
  object space 59392K, 20% used [0x00000000c0000000,0x00000000c0bf71d8,0x00000000c3a00000)
 Metaspace       used 34561K, capacity 35438K, committed 35496K, reserved 1079296K
  class space    used 4837K, capacity 5096K, committed 5120K, reserved 1048576K
Event: 12.055 GC heap after
Heap after GC invocations=12 (full 1):
 PSYoungGen      total 78848K, used 967K [0x00000000eab00000, 0x00000000f2180000, 0x0000000100000000)
  eden space 68096K, 0% used [0x00000000eab00000,0x00000000eab00000,0x00000000eed80000)
  from space 10752K, 9% used [0x00000000eed80000,0x00000000eee71f58,0x00000000ef800000)
  to   space 11264K, 0% used [0x00000000f1680000,0x00000000f1680000,0x00000000f2180000)
 ParOldGen       total 59392K, used 16328K [0x00000000c0000000, 0x00000000c3a00000, 0x00000000eab00000)
  object space 59392K, 27% used [0x00000000c0000000,0x00000000c0ff2258,0x00000000c3a00000)
 Metaspace       used 34561K, capacity 35438K, committed 35496K, reserved 1079296K
  class space    used 4837K, capacity 5096K, committed 5120K, reserved 1048576K
}
Event: 12.055 GC heap before
{Heap before GC invocations=13 (full 2):
 PSYoungGen      total 78848K, used 967K [0x00000000eab00000, 0x00000000f2180000, 0x0000000100000000)
  eden space 68096K, 0% used [0x00000000eab00000,0x00000000eab00000,0x00000000eed80000)
  from space 10752K, 9% used [0x00000000eed80000,0x00000000eee71f58,0x00000000ef800000)
  to   space 11264K, 0% used [0x00000000f1680000,0x00000000f1680000,0x00000000f2180000)
 ParOldGen       total 59392K, used 16328K [0x00000000c0000000, 0x00000000c3a00000, 0x00000000eab00000)
  object space 59392K, 27% used [0x00000000c0000000,0x00000000c0ff2258,0x00000000c3a00000)
 Metaspace       used 34561K, capacity 35438K, committed 35496K, reserved 1079296K
  class space    used 4837K, capacity 5096K, committed 5120K, reserved 1048576K
Event: 12.119 GC heap after
Heap after GC invocations=13 (full 2):
 PSYoungGen      total 78848K, used 0K [0x00000000eab00000, 0x00000000f2180000, 0x0000000100000000)
  eden space 68096K, 0% used [0x00000000eab00000,0x00000000eab00000,0x00000000eed80000)
  from space 10752K, 0% used [0x00000000eed80000,0x00000000eed80000,0x00000000ef800000)
  to   space 11264K, 0% used [0x00000000f1680000,0x00000000f1680000,0x00000000f2180000)
 ParOldGen       total 83456K, used 15084K [0x00000000c0000000, 0x00000000c5180000, 0x00000000eab00000)
  object space 83456K, 18% used [0x00000000c0000000,0x00000000c0ebb038,0x00000000c5180000)
 Metaspace       used 34561K, capacity 35438K, committed 35496K, reserved 1079296K
  class space    used 4837K, capacity 5096K, committed 5120K, reserved 1048576K
}
Event: 13.977 GC heap before
{Heap before GC invocations=14 (full 2):
 PSYoungGen      total 78848K, used 68096K [0x00000000eab00000, 0x00000000f2180000, 0x0000000100000000)
  eden space 68096K, 100% used [0x00000000eab00000,0x00000000eed80000,0x00000000eed80000)
  from space 10752K, 0% used [0x00000000eed80000,0x00000000eed80000,0x00000000ef800000)
  to   space 11264K, 0% used [0x00000000f1680000,0x00000000f1680000,0x00000000f2180000)
 ParOldGen       total 83456K, used 15084K [0x00000000c0000000, 0x00000000c5180000, 0x00000000eab00000)
  object space 83456K, 18% used [0x00000000c0000000,0x00000000c0ebb038,0x00000000c5180000)
 Metaspace       used 39217K, capacity 40558K, committed 40704K, reserved 1083392K
  class space    used 5499K, capacity 5881K, committed 5888K, reserved 1048576K
Event: 13.988 GC heap after
Heap after GC invocations=14 (full 2):
 PSYoungGen      total 103936K, used 11180K [0x00000000eab00000, 0x00000000f2180000, 0x0000000100000000)
  eden space 92672K, 0% used [0x00000000eab00000,0x00000000eab00000,0x00000000f0580000)
  from space 11264K, 99% used [0x00000000f1680000,0x00000000f216b0d0,0x00000000f2180000)
  to   space 12800K, 0% used [0x00000000f0880000,0x00000000f0880000,0x00000000f1500000)
 ParOldGen       total 83456K, used 15092K [0x00000000c0000000, 0x00000000c5180000, 0x00000000eab00000)
  object space 83456K, 18% used [0x00000000c0000000,0x00000000c0ebd038,0x00000000c5180000)
 Metaspace       used 39217K, capacity 40558K, committed 40704K, reserved 1083392K
  class space    used 5499K, capacity 5881K, committed 5888K, reserved 1048576K
}

